Bean 'org.springframework.cloud.autoconfigure.ConfigurationPropertiesRebinderAutoConfiguration' of type [org.springframework.cloud.autoconfigure.ConfigurationPropertiesRebinderAutoConfiguration$$EnhancerBySpringCGLIB$$c9965c7] is not eligible for getting processed by all BeanPostProcessors (for example: not eligible for auto-proxying)
Setting initial instance status as: STARTING
Initializing Eureka in region us-east-1
Using JSON encoding codec LegacyJacksonJson
Using JSON decoding codec LegacyJacksonJson
Using XML encoding codec XStreamXml
Using XML decoding codec XStreamXml
Resolving eureka endpoints via configuration
Disable delta property : false
Single vip registry refresh property : null
Force full registry fetch : false
Application is null : false
Registered Applications size is zero : true
Application version is -1: true
Getting all instance registry info from the eureka server
The response status is 200
Not registering with Eureka server per configuration
Discovery Client initialized at timestamp 1546149112494 with initial instances count: 2
Fetching config from server at : http://192.168.0.102:9765/
Located environment: name=order, profiles=[dev], label=null, version=8d4665d444b0a14e16cd1de94999e17762ca6e54, state=null
Located property source: CompositePropertySource {name='configService', propertySources=[MapPropertySource {name='configClient'}, MapPropertySource {name='https://github.com/zxjaihhl/config-repo/order-dev.yml'}, MapPropertySource {name='https://github.com/zxjaihhl/config-repo/order.yml'}]}
No active profile set, falling back to default profiles: default
BeanFactory id=63b17054-8541-32b2-955f-574d598058e1
Bean 'com.zxjaihhl.order.client.ProductClient' of type [org.springframework.cloud.openfeign.FeignClientFactoryBean] is not eligible for getting processed by all BeanPostProcessors (for example: not eligible for auto-proxying)
Bean 'org.springframework.transaction.annotation.ProxyTransactionManagementConfiguration' of type [org.springframework.transaction.annotation.ProxyTransactionManagementConfiguration$$EnhancerBySpringCGLIB$$f07f62ca] is not eligible for getting processed by all BeanPostProcessors (for example: not eligible for auto-proxying)
Bean 'org.springframework.cloud.autoconfigure.ConfigurationPropertiesRebinderAutoConfiguration' of type [org.springframework.cloud.autoconfigure.ConfigurationPropertiesRebinderAutoConfiguration$$EnhancerBySpringCGLIB$$c9965c7] is not eligible for getting processed by all BeanPostProcessors (for example: not eligible for auto-proxying)
Tomcat initialized with port(s): 9761 (http)
Initializing ProtocolHandler ["http-nio-9761"]
Starting service [Tomcat]
Starting Servlet Engine: Apache Tomcat/9.0.13
The APR based Apache Tomcat Native library which allows optimal performance in production environments was not found on the java.library.path: [D:\devTools\Java\jdk1.8.0_172\bin;C:\WINDOWS\Sun\Java\bin;C:\WINDOWS\system32;C:\WINDOWS;D:\WorkspaceJava\1-ClientDemo\ClientDemo-NetBeansPro;C:\Program Files (x86)\Common Files\Oracle\Java\javapath;C:\Program Files (x86)\Borland\Delphi7\Bin;C:\Program Files (x86)\Borland\Delphi7\Projects\Bpl\;C:\Program Files (x86)\Intel\Intel(R) Management Engine Components\iCLS\;C:\Program Files\Intel\Intel(R) Management Engine Components\iCLS\;C:\Windows\system32;C:\Windows;C:\Windows\System32\Wbem;C:\Windows\System32\WindowsPowerShell\v1.0\;C:\Program Files (x86)\Intel\Intel(R) Management Engine Components\DAL;C:\Program Files\Intel\Intel(R) Management Engine Components\DAL;C:\Program Files (x86)\Intel\Intel(R) Management Engine Components\IPT;C:\Program Files\Intel\Intel(R) Management Engine Components\IPT;C:\Program Files (x86)\NVIDIA Corporation\PhysX\Common;C:\Program Files\Intel\WiFi\bin\;C:\Program Files\Common Files\Intel\WirelessCommon\;C:\WINDOWS\system32;C:\WINDOWS;C:\WINDOWS\System32\Wbem;C:\WINDOWS\System32\WindowsPowerShell\v1.0\;C:\WINDOWS\System32\OpenSSH\;C:\Program Files\Git\cmd;C:\Program Files\Git\mingw64\bin;C:\Program Files\Git\usr\bin;C:\Program Files (x86)\Git\cmd;C:\Program Files (x86)\Git\bin;C:\Program Files\TortoiseGit\bin;C:\Program Files\TortoiseSVN\bin;C:\TDM-GCC-64\bin;D:\go\1.9.2.windows-amd64;D:\go\1.9.2.windows-amd64\BIN;E:\golang项目;;C:\TDM-GCC-64\bin;C:\Program Files (x86)\Linaro\gcc-linaro-arm-linux-gnueabihf-4.8-2014.04\bin;D:\workspace;E:\golang项目;D:\devTools\Java\jdk1.8.0_172\bin;C:\Users\Administrator\AppData\Local\Microsoft\WindowsApps;;.]
Initializing Spring embedded WebApplicationContext
Root WebApplicationContext: initialization completed in 1421 ms
No URLs will be polled as dynamic configuration sources.
To enable URLs as dynamic configuration sources, define System property archaius.configurationSource.additionalUrls or make config.properties available on classpath.
No URLs will be polled as dynamic configuration sources.
To enable URLs as dynamic configuration sources, define System property archaius.configurationSource.additionalUrls or make config.properties available on classpath.
Initializing ExecutorService 'applicationTaskExecutor'
Shutting down DiscoveryClient ...
Completed shut down of DiscoveryClient
Setting initial instance status as: STARTING
Initializing Eureka in region us-east-1
Using JSON encoding codec LegacyJacksonJson
Using JSON decoding codec LegacyJacksonJson
Using XML encoding codec XStreamXml
Using XML decoding codec XStreamXml
Resolving eureka endpoints via configuration
Disable delta property : false
Single vip registry refresh property : null
Force full registry fetch : false
Application is null : false
Registered Applications size is zero : true
Application version is -1: true
Getting all instance registry info from the eureka server
The response status is 200
Starting heartbeat executor: renew interval is: 30
InstanceInfoReplicator onDemand update allowed rate per min is 4
Discovery Client initialized at timestamp 1546149119192 with initial instances count: 2
Registering application ORDER with eureka with status UP
Saw local status change event StatusChangeEvent [timestamp=1546149119195, current=UP, previous=STARTING]
DiscoveryClient_ORDER/192.168.0.102:order:9761: registering service...
Starting ProtocolHandler ["http-nio-9761"]
Using a shared selector for servlet write/read
DiscoveryClient_ORDER/192.168.0.102:order:9761 - registration status: 204
Tomcat started on port(s): 9761 (http) with context path ''
Updating port to 9761
Started OrderApplication in 8.981 seconds (JVM running for 9.612)
Resolving eureka endpoints via configuration
